<?xml version="1.0" encoding="UTF-8"?>
<!-- Generated by org.testng.reporters.JUnitXMLReporter -->
<testsuite hostname="Madhumeeta-Lals-iMac.local" name="Test" tests="4" failures="1" timestamp="7 Aug 2015 11:19:09 GMT" time="89.037" errors="0">
  <testcase name="test_LoginPage_VerifyLogin" time="1.747" classname="com.guru99.testNGclasses.Test_LoginPage"/>
  <testcase name="test_HomePage_VerifyWelcomeText" time="1.251" classname="com.guru99.testNGclasses.Test_HomePage"/>
  <testcase name="test_HomePage_VerifyManagersID" time="1.243" classname="com.guru99.testNGclasses.Test_HomePage"/>
  <testcase name="test_ClickingsidebarMenu" time="23.144" classname="com.guru99.testNGclasses.Test_HomePage">
    <failure type="org.openqa.selenium.UnhandledAlertException" message="Unexpected modal dialog (text: You Have Succesfully Logged Out!!): You Have Succesfully Logged Out!!
Build info: version: &amp;apos;2.45.0&amp;apos;, revision: &amp;apos;5017cb8&amp;apos;, time: &amp;apos;2015-02-26 23:59:50&amp;apos;
System info: host: &amp;apos;Madhumeeta-Lals-iMac.local&amp;apos;, ip: &amp;apos;192.168.11.4&amp;apos;, os.name: &amp;apos;Mac OS X&amp;apos;, os.arch: &amp;apos;x86_64&amp;apos;, os.version: &amp;apos;10.10.2&amp;apos;, java.version: &amp;apos;1.6.0_65&amp;apos;
Session ID: 9a5b3a11-9374-384b-b1ec-656b1e9c31dc
Driver info: org.openqa.selenium.firefox.FirefoxDriver
Capabilities [{platform=MAC, acceptSslCerts=true, javascriptEnabled=true, browserName=firefox, rotatable=false, locationContextEnabled=true, version=39.0, cssSelectorsEnabled=true, databaseEnabled=true, handlesAlerts=true, nativeEvents=false, webStorageEnabled=true, applicationCacheEnabled=true, takesScreenshot=true}]">
      <![CDATA[org.openqa.selenium.UnhandledAlertException: Unexpected modal dialog (text: You Have Succesfully Logged Out!!): You Have Succesfully Logged Out!!
Build info: version: '2.45.0', revision: '5017cb8', time: '2015-02-26 23:59:50'
System info: host: 'Madhumeeta-Lals-iMac.local', ip: '192.168.11.4', os.name: 'Mac OS X', os.arch: 'x86_64', os.version: '10.10.2', java.version: '1.6.0_65'
Session ID: 9a5b3a11-9374-384b-b1ec-656b1e9c31dc
Driver info: org.openqa.selenium.firefox.FirefoxDriver
Capabilities [{platform=MAC, acceptSslCerts=true, javascriptEnabled=true, browserName=firefox, rotatable=false, locationContextEnabled=true, version=39.0, cssSelectorsEnabled=true, databaseEnabled=true, handlesAlerts=true, nativeEvents=false, webStorageEnabled=true, applicationCacheEnabled=true, takesScreenshot=true}]
	at org.openqa.selenium.remote.ErrorHandler.createThrowable(ErrorHandler.java:204)
	at org.openqa.selenium.remote.ErrorHandler.createUnhandledAlertException(ErrorHandler.java:185)
	at org.openqa.selenium.remote.ErrorHandler.throwIfResponseFailed(ErrorHandler.java:152)
	at org.openqa.selenium.remote.RemoteWebDriver.execute(RemoteWebDriver.java:599)
	at org.openqa.selenium.remote.RemoteWebDriver.execute(RemoteWebDriver.java:622)
	at org.openqa.selenium.remote.RemoteWebDriver.getTitle(RemoteWebDriver.java:313)
	at com.guru99.testNGclasses.CommonFeaturesClass_TestCases.test_click_Logout(CommonFeaturesClass_TestCases.java:166)
	at com.guru99.testNGclasses.Test_HomePage.test_ClickingsidebarMenu(Test_HomePage.java:78)
... Removed 28 stack frames]]>
    </failure>
  </testcase> <!-- test_ClickingsidebarMenu -->
</testsuite> <!-- Test -->
