<?xml version="1.0" encoding="UTF-8"?>
<!-- Generated by org.testng.reporters.JUnitXMLReporter -->
<testsuite hostname="Madhumeeta-Lals-iMac.local" name="Test" tests="1" failures="0" timestamp="27 Jul 2015 09:47:39 GMT" time="51.946" errors="0">
  <testcase name="@BeforeMethod precondition" time="0.0" classname="com.guru99.TNGScripts.Test_HomePage_AppearCorrect">
    <failure type="java.lang.NullPointerException">
      <![CDATA[java.lang.NullPointerException
	at com.guru99.POMclasses.LoginPage.setUserName(LoginPage.java:25)
	at com.guru99.POMclasses.LoginPage.loginToGuru99(LoginPage.java:69)
	at com.guru99.TNGScripts.SuperTestNG.precondition(SuperTestNG.java:32)
... Removed 26 stack frames]]>
    </failure>
  </testcase> <!-- @BeforeMethod precondition -->
  <testcase name="@AfterMethod postcondition" time="0.0" classname="com.guru99.TNGScripts.Test_HomePage_AppearCorrect">
    <skipped/>
  </testcase> <!-- @AfterMethod postcondition -->
  <testcase name="test_HomePage_LoginLogout" time="0.0010" classname="com.guru99.TNGScripts.Test_HomePage_AppearCorrect">
    <skipped/>
  </testcase> <!-- test_HomePage_LoginLogout -->
</testsuite> <!-- Test -->
