<?xml version="1.0" encoding="UTF-8"?>
<testng-results skipped="1" failed="0" total="1" passed="0">
  <reporter-output>
    <line>
      <![CDATA[Application is loaded]]>
    </line>
  </reporter-output>
  <suite name="Suite" duration-ms="51946" started-at="2015-07-27T09:46:47Z" finished-at="2015-07-27T09:47:39Z">
    <groups>
    </groups>
    <test name="Test" duration-ms="51946" started-at="2015-07-27T09:46:47Z" finished-at="2015-07-27T09:47:39Z">
      <class name="com.guru99.TNGScripts.Test_HomePage_AppearCorrect">
        <test-method status="FAIL" signature="precondition()[pri:0, instance:com.guru99.TNGScripts.Test_HomePage_AppearCorrect@5e0feb48]" name="precondition" is-config="true" duration-ms="0" started-at="2015-07-27T15:16:47Z" finished-at="2015-07-27T15:16:47Z">
          <exception class="java.lang.NullPointerException">
            <full-stacktrace>
              <![CDATA[java.lang.NullPointerException
	at com.guru99.POMclasses.LoginPage.setUserName(LoginPage.java:25)
	at com.guru99.POMclasses.LoginPage.loginToGuru99(LoginPage.java:69)
	at com.guru99.TNGScripts.SuperTestNG.precondition(SuperTestNG.java:32)
	at sun.reflect.NativeMethodAccessorImpl.invoke0(Native Method)
	at sun.reflect.NativeMethodAccessorImpl.invoke(NativeMethodAccessorImpl.java:39)
	at sun.reflect.DelegatingMethodAccessorImpl.invoke(DelegatingMethodAccessorImpl.java:25)
	at java.lang.reflect.Method.invoke(Method.java:597)
	at org.testng.internal.MethodInvocationHelper.invokeMethod(MethodInvocationHelper.java:84)
	at org.testng.internal.Invoker.invokeConfigurationMethod(Invoker.java:564)
	at org.testng.internal.Invoker.invokeConfigurations(Invoker.java:213)
	at org.testng.internal.Invoker.invokeMethod(Invoker.java:653)
	at org.testng.internal.Invoker.invokeTestMethod(Invoker.java:901)
	at org.testng.internal.Invoker.invokeTestMethods(Invoker.java:1231)
	at org.testng.internal.TestMethodWorker.invokeTestMethods(TestMethodWorker.java:127)
	at org.testng.internal.TestMethodWorker.run(TestMethodWorker.java:111)
	at org.testng.TestRunner.privateRun(TestRunner.java:767)
	at org.testng.TestRunner.run(TestRunner.java:617)
	at org.testng.SuiteRunner.runTest(SuiteRunner.java:334)
	at org.testng.SuiteRunner.runSequentially(SuiteRunner.java:329)
	at org.testng.SuiteRunner.privateRun(SuiteRunner.java:291)
	at org.testng.SuiteRunner.run(SuiteRunner.java:240)
	at org.testng.SuiteRunnerWorker.runSuite(SuiteRunnerWorker.java:52)
	at org.testng.SuiteRunnerWorker.run(SuiteRunnerWorker.java:86)
	at org.testng.TestNG.runSuitesSequentially(TestNG.java:1224)
	at org.testng.TestNG.runSuitesLocally(TestNG.java:1149)
	at org.testng.TestNG.run(TestNG.java:1057)
	at org.testng.remote.RemoteTestNG.run(RemoteTestNG.java:111)
	at org.testng.remote.RemoteTestNG.initAndRun(RemoteTestNG.java:204)
	at org.testng.remote.RemoteTestNG.main(RemoteTestNG.java:175)
]]>
            </full-stacktrace>
          </exception> <!-- java.lang.NullPointerException -->
          <reporter-output>
            <line>
              <![CDATA[Application is loaded]]>
            </line>
          </reporter-output>
        </test-method> <!-- precondition -->
        <test-method status="SKIP" signature="test_HomePage_LoginLogout()[pri:0, instance:com.guru99.TNGScripts.Test_HomePage_AppearCorrect@5e0feb48]" name="test_HomePage_LoginLogout" duration-ms="1" started-at="2015-07-27T15:17:39Z" finished-at="2015-07-27T15:17:39Z">
          <reporter-output>
          </reporter-output>
        </test-method> <!-- test_HomePage_LoginLogout -->
        <test-method status="SKIP" signature="postcondition()[pri:0, instance:com.guru99.TNGScripts.Test_HomePage_AppearCorrect@5e0feb48]" name="postcondition" is-config="true" duration-ms="0" started-at="2015-07-27T15:17:39Z" finished-at="2015-07-27T15:17:39Z">
          <reporter-output>
          </reporter-output>
        </test-method> <!-- postcondition -->
      </class> <!-- com.guru99.TNGScripts.Test_HomePage_AppearCorrect -->
    </test> <!-- Test -->
  </suite> <!-- Suite -->
</testng-results>
