<?xml version="1.0" encoding="UTF-8"?>
<testng-results skipped="0" failed="0" total="1" passed="1">
  <reporter-output>
  </reporter-output>
  <suite name="Default suite" duration-ms="57846" started-at="2015-07-30T06:55:44Z" finished-at="2015-07-30T06:56:42Z">
    <groups>
    </groups>
    <test name="Default test" duration-ms="57846" started-at="2015-07-30T06:55:44Z" finished-at="2015-07-30T06:56:42Z">
      <class name="ABC.NoPOMTest99GuruLogin">
        <test-method status="PASS" signature="Home_Page_Appear_Correct()[pri:0, instance:ABC.NoPOMTest99GuruLogin@39e57e8f]" name="Home_Page_Appear_Correct" duration-ms="57804" started-at="2015-07-30T12:25:44Z" finished-at="2015-07-30T12:26:42Z">
          <reporter-output>
          </reporter-output>
        </test-method> <!-- Home_Page_Appear_Correct -->
      </class> <!-- ABC.NoPOMTest99GuruLogin -->
    </test> <!-- Default test -->
  </suite> <!-- Default suite -->
</testng-results>
