<?xml version="1.0" encoding="UTF-8"?>
<testng-results skipped="0" failed="1" total="4" passed="3">
  <reporter-output>
    <line>
      <![CDATA[Application is loaded]]>
    </line>
    <line>
      <![CDATA[User is logged in successfully]]>
    </line>
    <line>
      <![CDATA[Title of login page is:guru99 bank]]>
    </line>
    <line>
      <![CDATA[User is logged in successfully and the login page is also verified]]>
    </line>
    <line>
      <![CDATA[Application is logged out]]>
    </line>
    <line>
      <![CDATA[Application is loaded]]>
    </line>
    <line>
      <![CDATA[User is logged in successfully]]>
    </line>
    <line>
      <![CDATA[Welcome text is:Welcome To Manager's Page of Guru99 Bank]]>
    </line>
    <line>
      <![CDATA[Application is logged out]]>
    </line>
    <line>
      <![CDATA[Application is loaded]]>
    </line>
    <line>
      <![CDATA[User is logged in successfully]]>
    </line>
    <line>
      <![CDATA[Manager's ID is:Manger Id : mngr16258]]>
    </line>
    <line>
      <![CDATA[Application is logged out]]>
    </line>
    <line>
      <![CDATA[Application is loaded]]>
    </line>
    <line>
      <![CDATA[User is logged in successfully]]>
    </line>
    <line>
      <![CDATA[User is navigated to New Customer Page successfully]]>
    </line>
    <line>
      <![CDATA[User is navigated to Edit Customer Page successfully]]>
    </line>
    <line>
      <![CDATA[User is navigated to Delete Customer Page successfully]]>
    </line>
    <line>
      <![CDATA[User is navigated to New Account Page successfully]]>
    </line>
    <line>
      <![CDATA[User is navigated to Edit Account Page successfully]]>
    </line>
    <line>
      <![CDATA[User is navigated to Delete Account Page successfully]]>
    </line>
    <line>
      <![CDATA[User is navigated to Deposit Page successfully]]>
    </line>
    <line>
      <![CDATA[User is navigated to Withdrawal Page successfully]]>
    </line>
    <line>
      <![CDATA[User is navigated to Fund Transfer Page successfully]]>
    </line>
    <line>
      <![CDATA[User is navigated to Change password Page successfully]]>
    </line>
    <line>
      <![CDATA[User is navigated Balance Enqiry Page successfully]]>
    </line>
    <line>
      <![CDATA[User is navigated to Mini Statement Page successfully]]>
    </line>
    <line>
      <![CDATA[User is navigated to Customised Statement Page successfully]]>
    </line>
    <line>
      <![CDATA[Application is logged out]]>
    </line>
  </reporter-output>
  <suite name="Suite" duration-ms="89037" started-at="2015-08-07T11:17:40Z" finished-at="2015-08-07T11:19:09Z">
    <groups>
    </groups>
    <test name="Test" duration-ms="89037" started-at="2015-08-07T11:17:40Z" finished-at="2015-08-07T11:19:09Z">
      <class name="com.guru99.testNGclasses.Test_HomePage">
        <test-method status="PASS" signature="precondition()[pri:0, instance:com.guru99.testNGclasses.Test_HomePage@2b03be0]" name="precondition" is-config="true" duration-ms="9644" started-at="2015-08-07T16:48:18Z" finished-at="2015-08-07T16:48:28Z">
          <reporter-output>
            <line>
              <![CDATA[Application is loaded]]>
            </line>
            <line>
              <![CDATA[User is logged in successfully]]>
            </line>
          </reporter-output>
        </test-method> <!-- precondition -->
        <test-method status="PASS" signature="test_HomePage_VerifyWelcomeText()[pri:0, instance:com.guru99.testNGclasses.Test_HomePage@2b03be0]" name="test_HomePage_VerifyWelcomeText" duration-ms="1251" started-at="2015-08-07T16:48:28Z" finished-at="2015-08-07T16:48:29Z">
          <reporter-output>
            <line>
              <![CDATA[Welcome text is:Welcome To Manager's Page of Guru99 Bank]]>
            </line>
          </reporter-output>
        </test-method> <!-- test_HomePage_VerifyWelcomeText -->
        <test-method status="PASS" signature="postcondition()[pri:0, instance:com.guru99.testNGclasses.Test_HomePage@2b03be0]" name="postcondition" is-config="true" duration-ms="119" started-at="2015-08-07T16:48:29Z" finished-at="2015-08-07T16:48:29Z">
          <reporter-output>
            <line>
              <![CDATA[Application is logged out]]>
            </line>
          </reporter-output>
        </test-method> <!-- postcondition -->
        <test-method status="PASS" signature="precondition()[pri:0, instance:com.guru99.testNGclasses.Test_HomePage@2b03be0]" name="precondition" is-config="true" duration-ms="7510" started-at="2015-08-07T16:48:29Z" finished-at="2015-08-07T16:48:37Z">
          <reporter-output>
            <line>
              <![CDATA[Application is loaded]]>
            </line>
            <line>
              <![CDATA[User is logged in successfully]]>
            </line>
          </reporter-output>
        </test-method> <!-- precondition -->
        <test-method status="PASS" signature="test_HomePage_VerifyManagersID()[pri:0, instance:com.guru99.testNGclasses.Test_HomePage@2b03be0]" name="test_HomePage_VerifyManagersID" duration-ms="1243" started-at="2015-08-07T16:48:37Z" finished-at="2015-08-07T16:48:38Z">
          <reporter-output>
            <line>
              <![CDATA[Manager's ID is:Manger Id : mngr16258]]>
            </line>
          </reporter-output>
        </test-method> <!-- test_HomePage_VerifyManagersID -->
        <test-method status="PASS" signature="postcondition()[pri:0, instance:com.guru99.testNGclasses.Test_HomePage@2b03be0]" name="postcondition" is-config="true" duration-ms="119" started-at="2015-08-07T16:48:38Z" finished-at="2015-08-07T16:48:38Z">
          <reporter-output>
            <line>
              <![CDATA[Application is logged out]]>
            </line>
          </reporter-output>
        </test-method> <!-- postcondition -->
        <test-method status="PASS" signature="precondition()[pri:0, instance:com.guru99.testNGclasses.Test_HomePage@2b03be0]" name="precondition" is-config="true" duration-ms="7123" started-at="2015-08-07T16:48:38Z" finished-at="2015-08-07T16:48:45Z">
          <reporter-output>
            <line>
              <![CDATA[Application is loaded]]>
            </line>
            <line>
              <![CDATA[User is logged in successfully]]>
            </line>
          </reporter-output>
        </test-method> <!-- precondition -->
        <test-method status="FAIL" signature="test_ClickingsidebarMenu()[pri:0, instance:com.guru99.testNGclasses.Test_HomePage@2b03be0]" name="test_ClickingsidebarMenu" duration-ms="23144" started-at="2015-08-07T16:48:45Z" finished-at="2015-08-07T16:49:08Z">
          <exception class="org.openqa.selenium.UnhandledAlertException">
            <message>
              <![CDATA[Unexpected modal dialog (text: You Have Succesfully Logged Out!!): You Have Succesfully Logged Out!!
Build info: version: '2.45.0', revision: '5017cb8', time: '2015-02-26 23:59:50'
System info: host: 'Madhumeeta-Lals-iMac.local', ip: '192.168.11.4', os.name: 'Mac OS X', os.arch: 'x86_64', os.version: '10.10.2', java.version: '1.6.0_65'
Session ID: 9a5b3a11-9374-384b-b1ec-656b1e9c31dc
Driver info: org.openqa.selenium.firefox.FirefoxDriver
Capabilities [{platform=MAC, acceptSslCerts=true, javascriptEnabled=true, browserName=firefox, rotatable=false, locationContextEnabled=true, version=39.0, cssSelectorsEnabled=true, databaseEnabled=true, handlesAlerts=true, nativeEvents=false, webStorageEnabled=true, applicationCacheEnabled=true, takesScreenshot=true}]]]>
            </message>
            <full-stacktrace>
              <![CDATA[org.openqa.selenium.UnhandledAlertException: Unexpected modal dialog (text: You Have Succesfully Logged Out!!): You Have Succesfully Logged Out!!
Build info: version: '2.45.0', revision: '5017cb8', time: '2015-02-26 23:59:50'
System info: host: 'Madhumeeta-Lals-iMac.local', ip: '192.168.11.4', os.name: 'Mac OS X', os.arch: 'x86_64', os.version: '10.10.2', java.version: '1.6.0_65'
Session ID: 9a5b3a11-9374-384b-b1ec-656b1e9c31dc
Driver info: org.openqa.selenium.firefox.FirefoxDriver
Capabilities [{platform=MAC, acceptSslCerts=true, javascriptEnabled=true, browserName=firefox, rotatable=false, locationContextEnabled=true, version=39.0, cssSelectorsEnabled=true, databaseEnabled=true, handlesAlerts=true, nativeEvents=false, webStorageEnabled=true, applicationCacheEnabled=true, takesScreenshot=true}]
	at sun.reflect.NativeConstructorAccessorImpl.newInstance0(Native Method)
	at sun.reflect.NativeConstructorAccessorImpl.newInstance(NativeConstructorAccessorImpl.java:39)
	at sun.reflect.DelegatingConstructorAccessorImpl.newInstance(DelegatingConstructorAccessorImpl.java:27)
	at java.lang.reflect.Constructor.newInstance(Constructor.java:513)
	at org.openqa.selenium.remote.ErrorHandler.createThrowable(ErrorHandler.java:204)
	at org.openqa.selenium.remote.ErrorHandler.createUnhandledAlertException(ErrorHandler.java:185)
	at org.openqa.selenium.remote.ErrorHandler.throwIfResponseFailed(ErrorHandler.java:152)
	at org.openqa.selenium.remote.RemoteWebDriver.execute(RemoteWebDriver.java:599)
	at org.openqa.selenium.remote.RemoteWebDriver.execute(RemoteWebDriver.java:622)
	at org.openqa.selenium.remote.RemoteWebDriver.getTitle(RemoteWebDriver.java:313)
	at com.guru99.testNGclasses.CommonFeaturesClass_TestCases.test_click_Logout(CommonFeaturesClass_TestCases.java:166)
	at com.guru99.testNGclasses.Test_HomePage.test_ClickingsidebarMenu(Test_HomePage.java:78)
	at sun.reflect.NativeMethodAccessorImpl.invoke0(Native Method)
	at sun.reflect.NativeMethodAccessorImpl.invoke(NativeMethodAccessorImpl.java:39)
	at sun.reflect.DelegatingMethodAccessorImpl.invoke(DelegatingMethodAccessorImpl.java:25)
	at java.lang.reflect.Method.invoke(Method.java:597)
	at org.testng.internal.MethodInvocationHelper.invokeMethod(MethodInvocationHelper.java:84)
	at org.testng.internal.Invoker.invokeMethod(Invoker.java:714)
	at org.testng.internal.Invoker.invokeTestMethod(Invoker.java:901)
	at org.testng.internal.Invoker.invokeTestMethods(Invoker.java:1231)
	at org.testng.internal.TestMethodWorker.invokeTestMethods(TestMethodWorker.java:127)
	at org.testng.internal.TestMethodWorker.run(TestMethodWorker.java:111)
	at org.testng.TestRunner.privateRun(TestRunner.java:767)
	at org.testng.TestRunner.run(TestRunner.java:617)
	at org.testng.SuiteRunner.runTest(SuiteRunner.java:334)
	at org.testng.SuiteRunner.runSequentially(SuiteRunner.java:329)
	at org.testng.SuiteRunner.privateRun(SuiteRunner.java:291)
	at org.testng.SuiteRunner.run(SuiteRunner.java:240)
	at org.testng.SuiteRunnerWorker.runSuite(SuiteRunnerWorker.java:52)
	at org.testng.SuiteRunnerWorker.run(SuiteRunnerWorker.java:86)
	at org.testng.TestNG.runSuitesSequentially(TestNG.java:1224)
	at org.testng.TestNG.runSuitesLocally(TestNG.java:1149)
	at org.testng.TestNG.run(TestNG.java:1057)
	at org.testng.remote.RemoteTestNG.run(RemoteTestNG.java:111)
	at org.testng.remote.RemoteTestNG.initAndRun(RemoteTestNG.java:204)
	at org.testng.remote.RemoteTestNG.main(RemoteTestNG.java:175)
]]>
            </full-stacktrace>
          </exception> <!-- org.openqa.selenium.UnhandledAlertException -->
          <reporter-output>
            <line>
              <![CDATA[User is navigated to New Customer Page successfully]]>
            </line>
            <line>
              <![CDATA[User is navigated to Edit Customer Page successfully]]>
            </line>
            <line>
              <![CDATA[User is navigated to Delete Customer Page successfully]]>
            </line>
            <line>
              <![CDATA[User is navigated to New Account Page successfully]]>
            </line>
            <line>
              <![CDATA[User is navigated to Edit Account Page successfully]]>
            </line>
            <line>
              <![CDATA[User is navigated to Delete Account Page successfully]]>
            </line>
            <line>
              <![CDATA[User is navigated to Deposit Page successfully]]>
            </line>
            <line>
              <![CDATA[User is navigated to Withdrawal Page successfully]]>
            </line>
            <line>
              <![CDATA[User is navigated to Fund Transfer Page successfully]]>
            </line>
            <line>
              <![CDATA[User is navigated to Change password Page successfully]]>
            </line>
            <line>
              <![CDATA[User is navigated Balance Enqiry Page successfully]]>
            </line>
            <line>
              <![CDATA[User is navigated to Mini Statement Page successfully]]>
            </line>
            <line>
              <![CDATA[User is navigated to Customised Statement Page successfully]]>
            </line>
          </reporter-output>
        </test-method> <!-- test_ClickingsidebarMenu -->
        <test-method status="PASS" signature="postcondition()[pri:0, instance:com.guru99.testNGclasses.Test_HomePage@2b03be0]" name="postcondition" is-config="true" duration-ms="81" started-at="2015-08-07T16:49:08Z" finished-at="2015-08-07T16:49:09Z">
          <reporter-output>
            <line>
              <![CDATA[Application is logged out]]>
            </line>
          </reporter-output>
        </test-method> <!-- postcondition -->
      </class> <!-- com.guru99.testNGclasses.Test_HomePage -->
      <class name="com.guru99.testNGclasses.Test_LoginPage">
        <test-method status="PASS" signature="precondition()[pri:0, instance:com.guru99.testNGclasses.Test_LoginPage@1de58cb8]" name="precondition" is-config="true" duration-ms="36861" started-at="2015-08-07T16:47:40Z" finished-at="2015-08-07T16:48:16Z">
          <reporter-output>
            <line>
              <![CDATA[Application is loaded]]>
            </line>
            <line>
              <![CDATA[User is logged in successfully]]>
            </line>
          </reporter-output>
        </test-method> <!-- precondition -->
        <test-method status="PASS" signature="test_LoginPage_VerifyLogin()[pri:0, instance:com.guru99.testNGclasses.Test_LoginPage@1de58cb8]" name="test_LoginPage_VerifyLogin" duration-ms="1747" started-at="2015-08-07T16:48:16Z" finished-at="2015-08-07T16:48:18Z">
          <reporter-output>
            <line>
              <![CDATA[Title of login page is:guru99 bank]]>
            </line>
            <line>
              <![CDATA[User is logged in successfully and the login page is also verified]]>
            </line>
          </reporter-output>
        </test-method> <!-- test_LoginPage_VerifyLogin -->
        <test-method status="PASS" signature="postcondition()[pri:0, instance:com.guru99.testNGclasses.Test_LoginPage@1de58cb8]" name="postcondition" is-config="true" duration-ms="120" started-at="2015-08-07T16:48:18Z" finished-at="2015-08-07T16:48:18Z">
          <reporter-output>
            <line>
              <![CDATA[Application is logged out]]>
            </line>
          </reporter-output>
        </test-method> <!-- postcondition -->
      </class> <!-- com.guru99.testNGclasses.Test_LoginPage -->
    </test> <!-- Test -->
  </suite> <!-- Suite -->
</testng-results>
